2021-01-17 20:56:21,153 INFO o.h.v.i.u.Version [background-preinit] HV000001: Hibernate Validator 6.1.5.Final
2021-01-17 20:56:21,428 INFO o.s.b.StartupInfoLogger [main] Starting StudentApplication on Sulabhs-MacBook-Air.local with PID 903 (/Users/sulabhtiwari/Coding/practice/target/classes started by sulabhtiwari in /Users/sulabhtiwari/Coding/practice)
2021-01-17 20:56:21,437 DEBUG o.s.b.StartupInfoLogger [main] Running with Spring Boot v2.3.4.RELEASE, Spring v5.2.9.RELEASE
2021-01-17 20:56:21,439 INFO o.s.b.SpringApplication [main] No active profile set, falling back to default profiles: default
2021-01-17 20:56:23,451 INFO o.s.d.r.c.RepositoryConfigurationDelegate [main] Bootstrapping Spring Data JPA repositories in DEFERRED mode.
2021-01-17 20:56:23,601 INFO o.s.d.r.c.RepositoryConfigurationDelegate [main] Finished Spring Data repository scanning in 130ms. Found 1 JPA repository interfaces.
2021-01-17 20:56:24,918 INFO o.s.b.w.e.t.TomcatWebServer [main] Tomcat initialized with port(s): 8080 (http)
2021-01-17 20:56:24,943 INFO o.a.j.l.DirectJDKLog [main] Initializing ProtocolHandler ["http-nio-8080"]
2021-01-17 20:56:24,944 INFO o.a.j.l.DirectJDKLog [main] Starting service [Tomcat]
2021-01-17 20:56:24,945 INFO o.a.j.l.DirectJDKLog [main] Starting Servlet engine: [Apache Tomcat/9.0.38]
2021-01-17 20:56:25,113 INFO o.a.j.l.DirectJDKLog [main] Initializing Spring embedded WebApplicationContext
2021-01-17 20:56:25,114 INFO o.s.b.w.s.c.ServletWebServerApplicationContext [main] Root WebApplicationContext: initialization completed in 3565 ms
2021-01-17 20:56:25,442 INFO o.s.s.c.ExecutorConfigurationSupport [main] Initializing ExecutorService 'applicationTaskExecutor'
2021-01-17 20:56:25,552 INFO o.h.j.i.u.LogHelper [task-1] HHH000204: Processing PersistenceUnitInfo [name: default]
2021-01-17 20:56:25,725 INFO o.h.Version [task-1] HHH000412: Hibernate ORM core version 5.4.21.Final
2021-01-17 20:56:25,776 WARN o.s.b.a.o.j.JpaBaseConfiguration$JpaWebConfiguration [main] spring.jpa.open-in-view is enabled by default. Therefore, database queries may be performed during view rendering. Explicitly configure spring.jpa.open-in-view to disable this warning
2021-01-17 20:56:26,213 INFO o.h.a.c.r.j.JavaReflectionManager [task-1] HCANN000001: Hibernate Commons Annotations {5.1.0.Final}
2021-01-17 20:56:26,516 INFO c.z.h.HikariDataSource [task-1] HikariPool-1 - Starting...
2021-01-17 20:56:27,200 INFO o.s.s.w.DefaultSecurityFilterChain [main] Creating filter chain: any request, [org.springframework.security.web.context.request.async.WebAsyncManagerIntegrationFilter@429e7914, org.springframework.security.web.context.SecurityContextPersistenceFilter@7e2c6fd6, org.springframework.security.web.header.HeaderWriterFilter@40b31a16, org.springframework.security.web.authentication.logout.LogoutFilter@386e9fd8, org.springframework.security.web.authentication.www.BasicAuthenticationFilter@dae5e0, org.springframework.security.web.savedrequest.RequestCacheAwareFilter@12aa519b, org.springframework.security.web.servletapi.SecurityContextHolderAwareRequestFilter@7e31d53b, org.springframework.security.web.authentication.AnonymousAuthenticationFilter@298263fa, org.springframework.security.web.session.SessionManagementFilter@16cf7fd0, org.springframework.security.web.access.ExceptionTranslationFilter@2a425cf5, org.springframework.security.web.access.intercept.FilterSecurityInterceptor@782e6b40]
2021-01-17 20:56:27,264 INFO s.d.s.w.PropertySourcedRequestMappingHandlerMapping [main] Mapped URL path [/v2/api-docs] onto method [springfox.documentation.swagger2.web.Swagger2Controller#getDocumentation(String, HttpServletRequest)]
2021-01-17 20:56:27,280 INFO c.z.h.HikariDataSource [task-1] HikariPool-1 - Start completed.
2021-01-17 20:56:27,391 INFO o.h.d.Dialect [task-1] HHH000400: Using dialect: org.hibernate.dialect.PostgreSQL10Dialect
2021-01-17 20:56:27,931 WARN o.s.b.a.b.JpaBatchConfigurer [main] JPA does not support custom isolation levels, so locks may not be taken when launching Jobs
2021-01-17 20:56:27,947 INFO o.s.b.c.r.s.JobRepositoryFactoryBean [main] No database type set, using meta data indicating: POSTGRES
2021-01-17 20:56:28,005 INFO o.s.b.c.l.s.SimpleJobLauncher [main] No TaskExecutor has been set, defaulting to synchronous executor.
2021-01-17 20:56:28,198 INFO o.a.j.l.DirectJDKLog [main] Starting ProtocolHandler ["http-nio-8080"]
2021-01-17 20:56:28,284 INFO o.s.b.w.e.t.TomcatWebServer [main] Tomcat started on port(s): 8080 (http) with context path ''
2021-01-17 20:56:28,286 INFO s.d.s.w.p.DocumentationPluginsBootstrapper [main] Context refreshed
2021-01-17 20:56:28,353 INFO s.d.s.w.p.DocumentationPluginsBootstrapper [main] Found 1 custom documentation plugin(s)
2021-01-17 20:56:28,431 INFO s.d.s.w.s.ApiListingReferenceScanner [main] Scanning for api listing references
2021-01-17 20:56:29,125 INFO o.s.d.r.c.DeferredRepositoryInitializationListener [main] Triggering deferred initialization of Spring Data repositories…
2021-01-17 20:56:30,080 INFO o.h.e.t.j.p.i.JtaPlatformInitiator [task-1] HHH000490: Using JtaPlatform implementation: [org.hibernate.engine.transaction.jta.platform.internal.NoJtaPlatform]
2021-01-17 20:56:30,096 INFO o.s.o.j.AbstractEntityManagerFactoryBean [task-1] Initialized JPA EntityManagerFactory for persistence unit 'default'
2021-01-17 20:56:30,781 INFO o.s.d.r.c.DeferredRepositoryInitializationListener [main] Spring Data repositories initialized!
2021-01-17 20:56:30,792 INFO o.s.b.StartupInfoLogger [main] Started StudentApplication in 10.21 seconds (JVM running for 12.749)
2021-01-17 20:57:14,621 INFO o.h.v.i.u.Version [background-preinit] HV000001: Hibernate Validator 6.1.5.Final
2021-01-17 20:57:14,837 INFO o.s.b.StartupInfoLogger [main] Starting StudentApplication on Sulabhs-MacBook-Air.local with PID 938 (/Users/sulabhtiwari/Coding/practice/target/classes started by sulabhtiwari in /Users/sulabhtiwari/Coding/practice)
2021-01-17 20:57:14,843 DEBUG o.s.b.StartupInfoLogger [main] Running with Spring Boot v2.3.4.RELEASE, Spring v5.2.9.RELEASE
2021-01-17 20:57:14,845 INFO o.s.b.SpringApplication [main] No active profile set, falling back to default profiles: default
2021-01-17 20:57:16,707 INFO o.s.d.r.c.RepositoryConfigurationDelegate [main] Bootstrapping Spring Data JPA repositories in DEFERRED mode.
2021-01-17 20:57:16,889 INFO o.s.d.r.c.RepositoryConfigurationDelegate [main] Finished Spring Data repository scanning in 164ms. Found 1 JPA repository interfaces.
2021-01-17 20:57:18,155 INFO o.s.b.w.e.t.TomcatWebServer [main] Tomcat initialized with port(s): 8080 (http)
2021-01-17 20:57:18,173 INFO o.a.j.l.DirectJDKLog [main] Initializing ProtocolHandler ["http-nio-8080"]
2021-01-17 20:57:18,174 INFO o.a.j.l.DirectJDKLog [main] Starting service [Tomcat]
2021-01-17 20:57:18,175 INFO o.a.j.l.DirectJDKLog [main] Starting Servlet engine: [Apache Tomcat/9.0.38]
2021-01-17 20:57:18,329 INFO o.a.j.l.DirectJDKLog [main] Initializing Spring embedded WebApplicationContext
2021-01-17 20:57:18,329 INFO o.s.b.w.s.c.ServletWebServerApplicationContext [main] Root WebApplicationContext: initialization completed in 3387 ms
2021-01-17 20:57:18,646 INFO o.s.s.c.ExecutorConfigurationSupport [main] Initializing ExecutorService 'applicationTaskExecutor'
2021-01-17 20:57:18,761 INFO o.h.j.i.u.LogHelper [task-1] HHH000204: Processing PersistenceUnitInfo [name: default]
2021-01-17 20:57:18,896 INFO o.h.Version [task-1] HHH000412: Hibernate ORM core version 5.4.21.Final
2021-01-17 20:57:18,958 WARN o.s.b.a.o.j.JpaBaseConfiguration$JpaWebConfiguration [main] spring.jpa.open-in-view is enabled by default. Therefore, database queries may be performed during view rendering. Explicitly configure spring.jpa.open-in-view to disable this warning
2021-01-17 20:57:19,261 INFO o.h.a.c.r.j.JavaReflectionManager [task-1] HCANN000001: Hibernate Commons Annotations {5.1.0.Final}
2021-01-17 20:57:19,486 INFO c.z.h.HikariDataSource [task-1] HikariPool-1 - Starting...
2021-01-17 20:57:19,825 INFO c.z.h.HikariDataSource [task-1] HikariPool-1 - Start completed.
2021-01-17 20:57:19,915 INFO o.h.d.Dialect [task-1] HHH000400: Using dialect: org.hibernate.dialect.PostgreSQL10Dialect
2021-01-17 20:57:20,292 INFO o.s.s.w.DefaultSecurityFilterChain [main] Creating filter chain: any request, [org.springframework.security.web.context.request.async.WebAsyncManagerIntegrationFilter@40a28bda, org.springframework.security.web.context.SecurityContextPersistenceFilter@6c519e47, org.springframework.security.web.header.HeaderWriterFilter@6cee903a, org.springframework.security.web.authentication.logout.LogoutFilter@553fbe94, org.springframework.security.web.authentication.www.BasicAuthenticationFilter@49e0b123, org.springframework.security.web.savedrequest.RequestCacheAwareFilter@4768b95c, org.springframework.security.web.servletapi.SecurityContextHolderAwareRequestFilter@c754401, org.springframework.security.web.authentication.AnonymousAuthenticationFilter@592cb470, org.springframework.security.web.session.SessionManagementFilter@29aa4bc9, org.springframework.security.web.access.ExceptionTranslationFilter@1308ef19, org.springframework.security.web.access.intercept.FilterSecurityInterceptor@6697f3d]
2021-01-17 20:57:20,363 INFO s.d.s.w.PropertySourcedRequestMappingHandlerMapping [main] Mapped URL path [/v2/api-docs] onto method [springfox.documentation.swagger2.web.Swagger2Controller#getDocumentation(String, HttpServletRequest)]
2021-01-17 20:57:21,179 WARN o.s.b.a.b.JpaBatchConfigurer [main] JPA does not support custom isolation levels, so locks may not be taken when launching Jobs
2021-01-17 20:57:21,192 INFO o.s.b.c.r.s.JobRepositoryFactoryBean [main] No database type set, using meta data indicating: POSTGRES
2021-01-17 20:57:21,237 INFO o.s.b.c.l.s.SimpleJobLauncher [main] No TaskExecutor has been set, defaulting to synchronous executor.
2021-01-17 20:57:21,365 INFO o.a.j.l.DirectJDKLog [main] Starting ProtocolHandler ["http-nio-8080"]
2021-01-17 20:57:21,443 INFO o.s.b.w.e.t.TomcatWebServer [main] Tomcat started on port(s): 8080 (http) with context path ''
2021-01-17 20:57:21,445 INFO s.d.s.w.p.DocumentationPluginsBootstrapper [main] Context refreshed
2021-01-17 20:57:21,500 INFO s.d.s.w.p.DocumentationPluginsBootstrapper [main] Found 1 custom documentation plugin(s)
2021-01-17 20:57:21,561 INFO s.d.s.w.s.ApiListingReferenceScanner [main] Scanning for api listing references
2021-01-17 20:57:21,821 INFO o.h.e.t.j.p.i.JtaPlatformInitiator [task-1] HHH000490: Using JtaPlatform implementation: [org.hibernate.engine.transaction.jta.platform.internal.NoJtaPlatform]
2021-01-17 20:57:21,846 INFO o.s.o.j.AbstractEntityManagerFactoryBean [task-1] Initialized JPA EntityManagerFactory for persistence unit 'default'
2021-01-17 20:57:21,899 INFO o.s.d.r.c.DeferredRepositoryInitializationListener [main] Triggering deferred initialization of Spring Data repositories…
2021-01-17 20:57:22,553 INFO o.s.d.r.c.DeferredRepositoryInitializationListener [main] Spring Data repositories initialized!
2021-01-17 20:57:22,567 INFO o.s.b.StartupInfoLogger [main] Started StudentApplication in 8.387 seconds (JVM running for 10.346)
2021-01-17 20:57:42,002 INFO o.a.j.l.DirectJDKLog [http-nio-8080-exec-1] Initializing Spring DispatcherServlet 'dispatcherServlet'
2021-01-17 20:57:42,003 INFO o.s.w.s.FrameworkServlet [http-nio-8080-exec-1] Initializing Servlet 'dispatcherServlet'
2021-01-17 20:57:42,017 INFO o.s.w.s.FrameworkServlet [http-nio-8080-exec-1] Completed initialization in 14 ms
2021-01-17 20:58:26,955 INFO o.h.v.i.u.Version [background-preinit] HV000001: Hibernate Validator 6.1.5.Final
2021-01-17 20:58:27,160 INFO o.s.b.StartupInfoLogger [main] Starting StudentApplication on Sulabhs-MacBook-Air.local with PID 973 (/Users/sulabhtiwari/Coding/practice/target/classes started by sulabhtiwari in /Users/sulabhtiwari/Coding/practice)
2021-01-17 20:58:27,166 DEBUG o.s.b.StartupInfoLogger [main] Running with Spring Boot v2.3.4.RELEASE, Spring v5.2.9.RELEASE
2021-01-17 20:58:27,168 INFO o.s.b.SpringApplication [main] No active profile set, falling back to default profiles: default
2021-01-17 20:58:28,951 INFO o.s.d.r.c.RepositoryConfigurationDelegate [main] Bootstrapping Spring Data JPA repositories in DEFERRED mode.
2021-01-17 20:58:29,089 INFO o.s.d.r.c.RepositoryConfigurationDelegate [main] Finished Spring Data repository scanning in 123ms. Found 1 JPA repository interfaces.
2021-01-17 20:58:30,276 INFO o.s.b.w.e.t.TomcatWebServer [main] Tomcat initialized with port(s): 8080 (http)
2021-01-17 20:58:30,296 INFO o.a.j.l.DirectJDKLog [main] Initializing ProtocolHandler ["http-nio-8080"]
2021-01-17 20:58:30,297 INFO o.a.j.l.DirectJDKLog [main] Starting service [Tomcat]
2021-01-17 20:58:30,297 INFO o.a.j.l.DirectJDKLog [main] Starting Servlet engine: [Apache Tomcat/9.0.38]
2021-01-17 20:58:30,447 INFO o.a.j.l.DirectJDKLog [main] Initializing Spring embedded WebApplicationContext
2021-01-17 20:58:30,448 INFO o.s.b.w.s.c.ServletWebServerApplicationContext [main] Root WebApplicationContext: initialization completed in 3175 ms
2021-01-17 20:58:30,720 INFO o.s.s.c.ExecutorConfigurationSupport [main] Initializing ExecutorService 'applicationTaskExecutor'
2021-01-17 20:58:30,809 INFO o.h.j.i.u.LogHelper [task-1] HHH000204: Processing PersistenceUnitInfo [name: default]
2021-01-17 20:58:30,956 INFO o.h.Version [task-1] HHH000412: Hibernate ORM core version 5.4.21.Final
2021-01-17 20:58:31,026 WARN o.s.b.a.o.j.JpaBaseConfiguration$JpaWebConfiguration [main] spring.jpa.open-in-view is enabled by default. Therefore, database queries may be performed during view rendering. Explicitly configure spring.jpa.open-in-view to disable this warning
2021-01-17 20:58:31,313 INFO o.h.a.c.r.j.JavaReflectionManager [task-1] HCANN000001: Hibernate Commons Annotations {5.1.0.Final}
2021-01-17 20:58:31,574 INFO c.z.h.HikariDataSource [task-1] HikariPool-1 - Starting...
2021-01-17 20:58:32,035 INFO c.z.h.HikariDataSource [task-1] HikariPool-1 - Start completed.
2021-01-17 20:58:32,123 INFO o.h.d.Dialect [task-1] HHH000400: Using dialect: org.hibernate.dialect.PostgreSQL10Dialect
2021-01-17 20:58:32,488 INFO o.s.s.w.DefaultSecurityFilterChain [main] Creating filter chain: any request, [org.springframework.security.web.context.request.async.WebAsyncManagerIntegrationFilter@3d132bb6, org.springframework.security.web.context.SecurityContextPersistenceFilter@210635fd, org.springframework.security.web.header.HeaderWriterFilter@3a70575, org.springframework.security.web.authentication.logout.LogoutFilter@30228de7, org.springframework.security.web.authentication.www.BasicAuthenticationFilter@2ffa91dc, org.springframework.security.web.savedrequest.RequestCacheAwareFilter@63814bbe, org.springframework.security.web.servletapi.SecurityContextHolderAwareRequestFilter@7f4f1536, org.springframework.security.web.authentication.AnonymousAuthenticationFilter@60ae7cf2, org.springframework.security.web.session.SessionManagementFilter@11180750, org.springframework.security.web.access.ExceptionTranslationFilter@356341c9, org.springframework.security.web.access.intercept.FilterSecurityInterceptor@284c4f02]
2021-01-17 20:58:32,557 INFO s.d.s.w.PropertySourcedRequestMappingHandlerMapping [main] Mapped URL path [/v2/api-docs] onto method [springfox.documentation.swagger2.web.Swagger2Controller#getDocumentation(String, HttpServletRequest)]
2021-01-17 20:58:33,337 WARN o.s.b.a.b.JpaBatchConfigurer [main] JPA does not support custom isolation levels, so locks may not be taken when launching Jobs
2021-01-17 20:58:33,480 INFO o.s.b.c.r.s.JobRepositoryFactoryBean [main] No database type set, using meta data indicating: POSTGRES
2021-01-17 20:58:33,707 INFO o.s.b.c.l.s.SimpleJobLauncher [main] No TaskExecutor has been set, defaulting to synchronous executor.
2021-01-17 20:58:33,943 INFO o.a.j.l.DirectJDKLog [main] Starting ProtocolHandler ["http-nio-8080"]
2021-01-17 20:58:34,048 INFO o.s.b.w.e.t.TomcatWebServer [main] Tomcat started on port(s): 8080 (http) with context path ''
2021-01-17 20:58:34,050 INFO s.d.s.w.p.DocumentationPluginsBootstrapper [main] Context refreshed
2021-01-17 20:58:34,123 INFO s.d.s.w.p.DocumentationPluginsBootstrapper [main] Found 1 custom documentation plugin(s)
2021-01-17 20:58:34,237 INFO s.d.s.w.s.ApiListingReferenceScanner [main] Scanning for api listing references
2021-01-17 20:58:34,911 INFO o.s.d.r.c.DeferredRepositoryInitializationListener [main] Triggering deferred initialization of Spring Data repositories…
2021-01-17 20:58:34,926 INFO o.h.e.t.j.p.i.JtaPlatformInitiator [task-1] HHH000490: Using JtaPlatform implementation: [org.hibernate.engine.transaction.jta.platform.internal.NoJtaPlatform]
2021-01-17 20:58:34,960 INFO o.s.o.j.AbstractEntityManagerFactoryBean [task-1] Initialized JPA EntityManagerFactory for persistence unit 'default'
2021-01-17 20:58:36,041 INFO o.s.d.r.c.DeferredRepositoryInitializationListener [main] Spring Data repositories initialized!
2021-01-17 20:58:36,060 INFO o.s.b.StartupInfoLogger [main] Started StudentApplication in 9.607 seconds (JVM running for 11.417)
2021-01-17 20:58:37,189 INFO o.a.j.l.DirectJDKLog [http-nio-8080-exec-1] Initializing Spring DispatcherServlet 'dispatcherServlet'
2021-01-17 20:58:37,189 INFO o.s.w.s.FrameworkServlet [http-nio-8080-exec-1] Initializing Servlet 'dispatcherServlet'
2021-01-17 20:58:37,201 INFO o.s.w.s.FrameworkServlet [http-nio-8080-exec-1] Completed initialization in 10 ms
2021-01-17 21:31:52,493 INFO o.s.b.c.l.s.SimpleJobLauncher$1 [http-nio-8080-exec-8] Job: [SimpleJob: [name=studentJob]] launched with the following parameters: [{time=1610899312367}]
2021-01-17 21:31:52,615 INFO o.s.b.c.j.SimpleStepHandler [http-nio-8080-exec-8] Executing step: [process student]
2021-01-17 21:31:52,866 INFO o.s.b.c.s.AbstractStep [http-nio-8080-exec-8] Step: [process student] executed in 249ms
2021-01-17 21:31:52,879 INFO o.s.b.c.l.s.SimpleJobLauncher$1 [http-nio-8080-exec-8] Job: [SimpleJob: [name=studentJob]] completed with the following parameters: [{time=1610899312367}] and the following status: [COMPLETED] in 309ms
2021-01-17 21:31:52,880 INFO c.p.c.StudentDetailsController [http-nio-8080-exec-8] JobExecution: COMPLETED
2021-01-17 21:31:52,880 INFO c.p.c.StudentDetailsController [http-nio-8080-exec-8] Batch is Running...
2021-01-17 21:31:52,881 INFO c.p.c.StudentDetailsController [http-nio-8080-exec-8] COMPLETED
2021-01-17 22:20:01,215 INFO o.h.v.i.u.Version [background-preinit] HV000001: Hibernate Validator 6.1.5.Final
2021-01-17 22:20:01,548 INFO o.s.b.StartupInfoLogger [main] Starting StudentApplication on Sulabhs-MacBook-Air.local with PID 1831 (/Users/sulabhtiwari/Coding/practice/target/classes started by sulabhtiwari in /Users/sulabhtiwari/Coding/practice)
2021-01-17 22:20:01,557 DEBUG o.s.b.StartupInfoLogger [main] Running with Spring Boot v2.3.4.RELEASE, Spring v5.2.9.RELEASE
2021-01-17 22:20:01,558 INFO o.s.b.SpringApplication [main] No active profile set, falling back to default profiles: default
2021-01-17 22:20:04,249 INFO o.s.d.r.c.RepositoryConfigurationDelegate [main] Bootstrapping Spring Data JPA repositories in DEFERRED mode.
2021-01-17 22:20:04,453 INFO o.s.d.r.c.RepositoryConfigurationDelegate [main] Finished Spring Data repository scanning in 177ms. Found 1 JPA repository interfaces.
2021-01-17 22:20:05,996 INFO o.s.b.w.e.t.TomcatWebServer [main] Tomcat initialized with port(s): 8080 (http)
2021-01-17 22:20:06,021 INFO o.a.j.l.DirectJDKLog [main] Initializing ProtocolHandler ["http-nio-8080"]
2021-01-17 22:20:06,022 INFO o.a.j.l.DirectJDKLog [main] Starting service [Tomcat]
2021-01-17 22:20:06,023 INFO o.a.j.l.DirectJDKLog [main] Starting Servlet engine: [Apache Tomcat/9.0.38]
2021-01-17 22:20:06,222 INFO o.a.j.l.DirectJDKLog [main] Initializing Spring embedded WebApplicationContext
2021-01-17 22:20:06,223 INFO o.s.b.w.s.c.ServletWebServerApplicationContext [main] Root WebApplicationContext: initialization completed in 4510 ms
2021-01-17 22:20:06,568 INFO o.s.s.c.ExecutorConfigurationSupport [main] Initializing ExecutorService 'applicationTaskExecutor'
2021-01-17 22:20:06,659 INFO o.h.j.i.u.LogHelper [task-1] HHH000204: Processing PersistenceUnitInfo [name: default]
2021-01-17 22:20:06,827 INFO o.h.Version [task-1] HHH000412: Hibernate ORM core version 5.4.21.Final
2021-01-17 22:20:06,927 WARN o.s.b.a.o.j.JpaBaseConfiguration$JpaWebConfiguration [main] spring.jpa.open-in-view is enabled by default. Therefore, database queries may be performed during view rendering. Explicitly configure spring.jpa.open-in-view to disable this warning
2021-01-17 22:20:07,294 INFO o.h.a.c.r.j.JavaReflectionManager [task-1] HCANN000001: Hibernate Commons Annotations {5.1.0.Final}
2021-01-17 22:20:07,621 INFO c.z.h.HikariDataSource [task-1] HikariPool-1 - Starting...
2021-01-17 22:20:08,067 INFO c.z.h.HikariDataSource [task-1] HikariPool-1 - Start completed.
2021-01-17 22:20:08,166 INFO o.h.d.Dialect [task-1] HHH000400: Using dialect: org.hibernate.dialect.PostgreSQL10Dialect
2021-01-17 22:20:08,326 INFO o.s.s.w.DefaultSecurityFilterChain [main] Creating filter chain: any request, [org.springframework.security.web.context.request.async.WebAsyncManagerIntegrationFilter@1ddf42dd, org.springframework.security.web.context.SecurityContextPersistenceFilter@503556cb, org.springframework.security.web.header.HeaderWriterFilter@1179fc8c, org.springframework.security.web.authentication.logout.LogoutFilter@46524ebe, org.springframework.security.web.authentication.www.BasicAuthenticationFilter@5c4714ef, org.springframework.security.web.savedrequest.RequestCacheAwareFilter@12aa381f, org.springframework.security.web.servletapi.SecurityContextHolderAwareRequestFilter@2c3f43d1, org.springframework.security.web.authentication.AnonymousAuthenticationFilter@5c1c9881, org.springframework.security.web.session.SessionManagementFilter@60f9dc7e, org.springframework.security.web.access.ExceptionTranslationFilter@6fbe4800, org.springframework.security.web.access.intercept.FilterSecurityInterceptor@4e8d9bb6]
2021-01-17 22:20:08,404 INFO s.d.s.w.PropertySourcedRequestMappingHandlerMapping [main] Mapped URL path [/v2/api-docs] onto method [springfox.documentation.swagger2.web.Swagger2Controller#getDocumentation(String, HttpServletRequest)]
2021-01-17 22:20:09,058 WARN o.s.b.a.b.JpaBatchConfigurer [main] JPA does not support custom isolation levels, so locks may not be taken when launching Jobs
2021-01-17 22:20:09,076 INFO o.s.b.c.r.s.JobRepositoryFactoryBean [main] No database type set, using meta data indicating: POSTGRES
2021-01-17 22:20:09,361 INFO o.s.b.c.l.s.SimpleJobLauncher [main] No TaskExecutor has been set, defaulting to synchronous executor.
2021-01-17 22:20:09,474 INFO o.a.j.l.DirectJDKLog [main] Starting ProtocolHandler ["http-nio-8080"]
2021-01-17 22:20:09,553 INFO o.s.b.w.e.t.TomcatWebServer [main] Tomcat started on port(s): 8080 (http) with context path ''
2021-01-17 22:20:09,555 INFO s.d.s.w.p.DocumentationPluginsBootstrapper [main] Context refreshed
2021-01-17 22:20:09,637 INFO s.d.s.w.p.DocumentationPluginsBootstrapper [main] Found 1 custom documentation plugin(s)
2021-01-17 22:20:09,712 INFO s.d.s.w.s.ApiListingReferenceScanner [main] Scanning for api listing references
2021-01-17 22:20:10,085 INFO o.s.d.r.c.DeferredRepositoryInitializationListener [main] Triggering deferred initialization of Spring Data repositories…
2021-01-17 22:20:10,288 INFO o.h.e.t.j.p.i.JtaPlatformInitiator [task-1] HHH000490: Using JtaPlatform implementation: [org.hibernate.engine.transaction.jta.platform.internal.NoJtaPlatform]
2021-01-17 22:20:10,305 INFO o.s.o.j.AbstractEntityManagerFactoryBean [task-1] Initialized JPA EntityManagerFactory for persistence unit 'default'
2021-01-17 22:20:11,123 INFO o.s.d.r.c.DeferredRepositoryInitializationListener [main] Spring Data repositories initialized!
2021-01-17 22:20:11,137 INFO o.s.b.StartupInfoLogger [main] Started StudentApplication in 10.553 seconds (JVM running for 12.79)
2021-01-17 22:20:11,419 INFO o.a.j.l.DirectJDKLog [http-nio-8080-exec-1] Initializing Spring DispatcherServlet 'dispatcherServlet'
2021-01-17 22:20:11,419 INFO o.s.w.s.FrameworkServlet [http-nio-8080-exec-1] Initializing Servlet 'dispatcherServlet'
2021-01-17 22:20:11,432 INFO o.s.w.s.FrameworkServlet [http-nio-8080-exec-1] Completed initialization in 13 ms
2021-01-17 22:21:43,652 ERROR o.a.j.l.DirectJDKLog [http-nio-8080-exec-7] Servlet.service() for servlet [dispatcherServlet] in context with path [] threw exception [Request processing failed; nested exception is java.lang.IllegalArgumentException: Cannot format given Object as a Number] with root cause
java.lang.IllegalArgumentException: Cannot format given Object as a Number
	at java.text.DecimalFormat.format(DecimalFormat.java:507) ~[?:1.8.0_261]
	at java.text.Format.format(Format.java:157) ~[?:1.8.0_261]
	at java.text.MessageFormat.subformat(MessageFormat.java:1322) ~[?:1.8.0_261]
	at java.text.MessageFormat.format(MessageFormat.java:865) ~[?:1.8.0_261]
	at java.text.Format.format(Format.java:157) ~[?:1.8.0_261]
	at java.text.MessageFormat.format(MessageFormat.java:841) ~[?:1.8.0_261]
	at com.practice.vo.validation.StudentValidator.performFunctionalValidation(StudentValidator.java:72) ~[classes/:?]
	at com.practice.service.impl.StudentDeatialsServiceImpl.updateStudents(StudentDeatialsServiceImpl.java:90) ~[classes/:?]
	at com.practice.service.impl.StudentDeatialsServiceImpl$$FastClassBySpringCGLIB$$28e327b6.invoke(<generated>) ~[classes/:?]
	at org.springframework.cglib.proxy.MethodProxy.invoke(MethodProxy.java:218) ~[spring-core-5.2.9.RELEASE.jar:5.2.9.RELEASE]
	at org.springframework.aop.framework.CglibAopProxy$CglibMethodInvocation.invokeJoinpoint(CglibAopProxy.java:771) ~[spring-aop-5.2.9.RELEASE.jar:5.2.9.RELEASE]
	at org.springframework.aop.framework.ReflectiveMethodInvocation.proceed(ReflectiveMethodInvocation.java:163) ~[spring-aop-5.2.9.RELEASE.jar:5.2.9.RELEASE]
	at org.springframework.aop.framework.CglibAopProxy$CglibMethodInvocation.proceed(CglibAopProxy.java:749) ~[spring-aop-5.2.9.RELEASE.jar:5.2.9.RELEASE]
	at org.springframework.transaction.interceptor.TransactionAspectSupport.invokeWithinTransaction(TransactionAspectSupport.java:367) ~[spring-tx-5.2.9.RELEASE.jar:5.2.9.RELEASE]
	at org.springframework.transaction.interceptor.TransactionInterceptor.invoke(TransactionInterceptor.java:118) ~[spring-tx-5.2.9.RELEASE.jar:5.2.9.RELEASE]
	at org.springframework.aop.framework.ReflectiveMethodInvocation.proceed(ReflectiveMethodInvocation.java:186) ~[spring-aop-5.2.9.RELEASE.jar:5.2.9.RELEASE]
	at org.springframework.aop.framework.CglibAopProxy$CglibMethodInvocation.proceed(CglibAopProxy.java:749) ~[spring-aop-5.2.9.RELEASE.jar:5.2.9.RELEASE]
	at org.springframework.aop.framework.CglibAopProxy$DynamicAdvisedInterceptor.intercept(CglibAopProxy.java:691) ~[spring-aop-5.2.9.RELEASE.jar:5.2.9.RELEASE]
	at com.practice.service.impl.StudentDeatialsServiceImpl$$EnhancerBySpringCGLIB$$295b36f.updateStudents(<generated>) ~[classes/:?]
	at com.practice.controller.StudentDetailsController.updateStudent(StudentDetailsController.java:69) ~[classes/:?]
	at sun.reflect.NativeMethodAccessorImpl.invoke0(Native Method) ~[?:1.8.0_261]
	at sun.reflect.NativeMethodAccessorImpl.invoke(NativeMethodAccessorImpl.java:62) ~[?:1.8.0_261]
	at sun.reflect.DelegatingMethodAccessorImpl.invoke(DelegatingMethodAccessorImpl.java:43) ~[?:1.8.0_261]
	at java.lang.reflect.Method.invoke(Method.java:498) ~[?:1.8.0_261]
	at org.springframework.web.method.support.InvocableHandlerMethod.doInvoke(InvocableHandlerMethod.java:190) ~[spring-web-5.2.9.RELEASE.jar:5.2.9.RELEASE]
	at org.springframework.web.method.support.InvocableHandlerMethod.invokeForRequest(InvocableHandlerMethod.java:138) ~[spring-web-5.2.9.RELEASE.jar:5.2.9.RELEASE]
	at org.springframework.web.servlet.mvc.method.annotation.ServletInvocableHandlerMethod.invokeAndHandle(ServletInvocableHandlerMethod.java:105) ~[spring-webmvc-5.2.9.RELEASE.jar:5.2.9.RELEASE]
	at org.springframework.web.servlet.mvc.method.annotation.RequestMappingHandlerAdapter.invokeHandlerMethod(RequestMappingHandlerAdapter.java:878) ~[spring-webmvc-5.2.9.RELEASE.jar:5.2.9.RELEASE]
	at org.springframework.web.servlet.mvc.method.annotation.RequestMappingHandlerAdapter.handleInternal(RequestMappingHandlerAdapter.java:792) ~[spring-webmvc-5.2.9.RELEASE.jar:5.2.9.RELEASE]
	at org.springframework.web.servlet.mvc.method.AbstractHandlerMethodAdapter.handle(AbstractHandlerMethodAdapter.java:87) ~[spring-webmvc-5.2.9.RELEASE.jar:5.2.9.RELEASE]
	at org.springframework.web.servlet.DispatcherServlet.doDispatch(DispatcherServlet.java:1040) ~[spring-webmvc-5.2.9.RELEASE.jar:5.2.9.RELEASE]
	at org.springframework.web.servlet.DispatcherServlet.doService(DispatcherServlet.java:943) ~[spring-webmvc-5.2.9.RELEASE.jar:5.2.9.RELEASE]
	at org.springframework.web.servlet.FrameworkServlet.processRequest(FrameworkServlet.java:1006) ~[spring-webmvc-5.2.9.RELEASE.jar:5.2.9.RELEASE]
	at org.springframework.web.servlet.FrameworkServlet.doPost(FrameworkServlet.java:909) ~[spring-webmvc-5.2.9.RELEASE.jar:5.2.9.RELEASE]
	at javax.servlet.http.HttpServlet.service(HttpServlet.java:652) ~[tomcat-embed-core-9.0.38.jar:4.0.FR]
	at org.springframework.web.servlet.FrameworkServlet.service(FrameworkServlet.java:883) ~[spring-webmvc-5.2.9.RELEASE.jar:5.2.9.RELEASE]
	at javax.servlet.http.HttpServlet.service(HttpServlet.java:733) ~[tomcat-embed-core-9.0.38.jar:4.0.FR]
	at org.apache.catalina.core.ApplicationFilterChain.internalDoFilter(ApplicationFilterChain.java:231) ~[tomcat-embed-core-9.0.38.jar:9.0.38]
	at org.apache.catalina.core.ApplicationFilterChain.doFilter(ApplicationFilterChain.java:166) ~[tomcat-embed-core-9.0.38.jar:9.0.38]
	at org.apache.tomcat.websocket.server.WsFilter.doFilter(WsFilter.java:53) ~[tomcat-embed-websocket-9.0.38.jar:9.0.38]
	at org.apache.catalina.core.ApplicationFilterChain.internalDoFilter(ApplicationFilterChain.java:193) ~[tomcat-embed-core-9.0.38.jar:9.0.38]
	at org.apache.catalina.core.ApplicationFilterChain.doFilter(ApplicationFilterChain.java:166) ~[tomcat-embed-core-9.0.38.jar:9.0.38]
	at org.springframework.security.web.FilterChainProxy$VirtualFilterChain.doFilter(FilterChainProxy.java:320) ~[spring-security-web-5.3.4.RELEASE.jar:5.3.4.RELEASE]
	at org.springframework.security.web.access.intercept.FilterSecurityInterceptor.invoke(FilterSecurityInterceptor.java:126) ~[spring-security-web-5.3.4.RELEASE.jar:5.3.4.RELEASE]
	at org.springframework.security.web.access.intercept.FilterSecurityInterceptor.doFilter(FilterSecurityInterceptor.java:90) ~[spring-security-web-5.3.4.RELEASE.jar:5.3.4.RELEASE]
	at org.springframework.security.web.FilterChainProxy$VirtualFilterChain.doFilter(FilterChainProxy.java:334) ~[spring-security-web-5.3.4.RELEASE.jar:5.3.4.RELEASE]
	at org.springframework.security.web.access.ExceptionTranslationFilter.doFilter(ExceptionTranslationFilter.java:118) ~[spring-security-web-5.3.4.RELEASE.jar:5.3.4.RELEASE]
	at org.springframework.security.web.FilterChainProxy$VirtualFilterChain.doFilter(FilterChainProxy.java:334) ~[spring-security-web-5.3.4.RELEASE.jar:5.3.4.RELEASE]
	at org.springframework.security.web.session.SessionManagementFilter.doFilter(SessionManagementFilter.java:137) ~[spring-security-web-5.3.4.RELEASE.jar:5.3.4.RELEASE]
	at org.springframework.security.web.FilterChainProxy$VirtualFilterChain.doFilter(FilterChainProxy.java:334) ~[spring-security-web-5.3.4.RELEASE.jar:5.3.4.RELEASE]
	at org.springframework.security.web.authentication.AnonymousAuthenticationFilter.doFilter(AnonymousAuthenticationFilter.java:111) ~[spring-security-web-5.3.4.RELEASE.jar:5.3.4.RELEASE]
	at org.springframework.security.web.FilterChainProxy$VirtualFilterChain.doFilter(FilterChainProxy.java:334) ~[spring-security-web-5.3.4.RELEASE.jar:5.3.4.RELEASE]
	at org.springframework.security.web.servletapi.SecurityContextHolderAwareRequestFilter.doFilter(SecurityContextHolderAwareRequestFilter.java:158) ~[spring-security-web-5.3.4.RELEASE.jar:5.3.4.RELEASE]
	at org.springframework.security.web.FilterChainProxy$VirtualFilterChain.doFilter(FilterChainProxy.java:334) ~[spring-security-web-5.3.4.RELEASE.jar:5.3.4.RELEASE]
	at org.springframework.security.web.savedrequest.RequestCacheAwareFilter.doFilter(RequestCacheAwareFilter.java:63) ~[spring-security-web-5.3.4.RELEASE.jar:5.3.4.RELEASE]
	at org.springframework.security.web.FilterChainProxy$VirtualFilterChain.doFilter(FilterChainProxy.java:334) ~[spring-security-web-5.3.4.RELEASE.jar:5.3.4.RELEASE]
	at org.springframework.security.web.authentication.www.BasicAuthenticationFilter.doFilterInternal(BasicAuthenticationFilter.java:204) ~[spring-security-web-5.3.4.RELEASE.jar:5.3.4.RELEASE]
	at org.springframework.web.filter.OncePerRequestFilter.doFilter(OncePerRequestFilter.java:119) ~[spring-web-5.2.9.RELEASE.jar:5.2.9.RELEASE]
	at org.springframework.security.web.FilterChainProxy$VirtualFilterChain.doFilter(FilterChainProxy.java:334) ~[spring-security-web-5.3.4.RELEASE.jar:5.3.4.RELEASE]
	at org.springframework.security.web.authentication.logout.LogoutFilter.doFilter(LogoutFilter.java:116) ~[spring-security-web-5.3.4.RELEASE.jar:5.3.4.RELEASE]
	at org.springframework.security.web.FilterChainProxy$VirtualFilterChain.doFilter(FilterChainProxy.java:334) ~[spring-security-web-5.3.4.RELEASE.jar:5.3.4.RELEASE]
	at org.springframework.security.web.header.HeaderWriterFilter.doHeadersAfter(HeaderWriterFilter.java:92) ~[spring-security-web-5.3.4.RELEASE.jar:5.3.4.RELEASE]
	at org.springframework.security.web.header.HeaderWriterFilter.doFilterInternal(HeaderWriterFilter.java:77) ~[spring-security-web-5.3.4.RELEASE.jar:5.3.4.RELEASE]
	at org.springframework.web.filter.OncePerRequestFilter.doFilter(OncePerRequestFilter.java:119) ~[spring-web-5.2.9.RELEASE.jar:5.2.9.RELEASE]
	at org.springframework.security.web.FilterChainProxy$VirtualFilterChain.doFilter(FilterChainProxy.java:334) ~[spring-security-web-5.3.4.RELEASE.jar:5.3.4.RELEASE]
	at org.springframework.security.web.context.SecurityContextPersistenceFilter.doFilter(SecurityContextPersistenceFilter.java:105) ~[spring-security-web-5.3.4.RELEASE.jar:5.3.4.RELEASE]
	at org.springframework.security.web.FilterChainProxy$VirtualFilterChain.doFilter(FilterChainProxy.java:334) ~[spring-security-web-5.3.4.RELEASE.jar:5.3.4.RELEASE]
	at org.springframework.security.web.context.request.async.WebAsyncManagerIntegrationFilter.doFilterInternal(WebAsyncManagerIntegrationFilter.java:56) ~[spring-security-web-5.3.4.RELEASE.jar:5.3.4.RELEASE]
	at org.springframework.web.filter.OncePerRequestFilter.doFilter(OncePerRequestFilter.java:119) ~[spring-web-5.2.9.RELEASE.jar:5.2.9.RELEASE]
	at org.springframework.security.web.FilterChainProxy$VirtualFilterChain.doFilter(FilterChainProxy.java:334) ~[spring-security-web-5.3.4.RELEASE.jar:5.3.4.RELEASE]
	at org.springframework.security.web.FilterChainProxy.doFilterInternal(FilterChainProxy.java:215) ~[spring-security-web-5.3.4.RELEASE.jar:5.3.4.RELEASE]
	at org.springframework.security.web.FilterChainProxy.doFilter(FilterChainProxy.java:178) ~[spring-security-web-5.3.4.RELEASE.jar:5.3.4.RELEASE]
	at org.springframework.web.filter.DelegatingFilterProxy.invokeDelegate(DelegatingFilterProxy.java:358) ~[spring-web-5.2.9.RELEASE.jar:5.2.9.RELEASE]
	at org.springframework.web.filter.DelegatingFilterProxy.doFilter(DelegatingFilterProxy.java:271) ~[spring-web-5.2.9.RELEASE.jar:5.2.9.RELEASE]
	at org.apache.catalina.core.ApplicationFilterChain.internalDoFilter(ApplicationFilterChain.java:193) ~[tomcat-embed-core-9.0.38.jar:9.0.38]
	at org.apache.catalina.core.ApplicationFilterChain.doFilter(ApplicationFilterChain.java:166) ~[tomcat-embed-core-9.0.38.jar:9.0.38]
	at org.springframework.web.filter.RequestContextFilter.doFilterInternal(RequestContextFilter.java:100) ~[spring-web-5.2.9.RELEASE.jar:5.2.9.RELEASE]
	at org.springframework.web.filter.OncePerRequestFilter.doFilter(OncePerRequestFilter.java:119) ~[spring-web-5.2.9.RELEASE.jar:5.2.9.RELEASE]
	at org.apache.catalina.core.ApplicationFilterChain.internalDoFilter(ApplicationFilterChain.java:193) ~[tomcat-embed-core-9.0.38.jar:9.0.38]
	at org.apache.catalina.core.ApplicationFilterChain.doFilter(ApplicationFilterChain.java:166) ~[tomcat-embed-core-9.0.38.jar:9.0.38]
	at org.springframework.web.filter.FormContentFilter.doFilterInternal(FormContentFilter.java:93) ~[spring-web-5.2.9.RELEASE.jar:5.2.9.RELEASE]
	at org.springframework.web.filter.OncePerRequestFilter.doFilter(OncePerRequestFilter.java:119) ~[spring-web-5.2.9.RELEASE.jar:5.2.9.RELEASE]
	at org.apache.catalina.core.ApplicationFilterChain.internalDoFilter(ApplicationFilterChain.java:193) ~[tomcat-embed-core-9.0.38.jar:9.0.38]
	at org.apache.catalina.core.ApplicationFilterChain.doFilter(ApplicationFilterChain.java:166) ~[tomcat-embed-core-9.0.38.jar:9.0.38]
	at org.springframework.web.filter.CharacterEncodingFilter.doFilterInternal(CharacterEncodingFilter.java:201) ~[spring-web-5.2.9.RELEASE.jar:5.2.9.RELEASE]
	at org.springframework.web.filter.OncePerRequestFilter.doFilter(OncePerRequestFilter.java:119) ~[spring-web-5.2.9.RELEASE.jar:5.2.9.RELEASE]
	at org.apache.catalina.core.ApplicationFilterChain.internalDoFilter(ApplicationFilterChain.java:193) ~[tomcat-embed-core-9.0.38.jar:9.0.38]
	at org.apache.catalina.core.ApplicationFilterChain.doFilter(ApplicationFilterChain.java:166) ~[tomcat-embed-core-9.0.38.jar:9.0.38]
	at org.apache.catalina.core.StandardWrapperValve.invoke(StandardWrapperValve.java:202) [tomcat-embed-core-9.0.38.jar:9.0.38]
	at org.apache.catalina.core.StandardContextValve.invoke(StandardContextValve.java:97) [tomcat-embed-core-9.0.38.jar:9.0.38]
	at org.apache.catalina.authenticator.AuthenticatorBase.invoke(AuthenticatorBase.java:541) [tomcat-embed-core-9.0.38.jar:9.0.38]
	at org.apache.catalina.core.StandardHostValve.invoke(StandardHostValve.java:143) [tomcat-embed-core-9.0.38.jar:9.0.38]
	at org.apache.catalina.valves.ErrorReportValve.invoke(ErrorReportValve.java:92) [tomcat-embed-core-9.0.38.jar:9.0.38]
	at org.apache.catalina.core.StandardEngineValve.invoke(StandardEngineValve.java:78) [tomcat-embed-core-9.0.38.jar:9.0.38]
	at org.apache.catalina.connector.CoyoteAdapter.service(CoyoteAdapter.java:343) [tomcat-embed-core-9.0.38.jar:9.0.38]
	at org.apache.coyote.http11.Http11Processor.service(Http11Processor.java:374) [tomcat-embed-core-9.0.38.jar:9.0.38]
	at org.apache.coyote.AbstractProcessorLight.process(AbstractProcessorLight.java:65) [tomcat-embed-core-9.0.38.jar:9.0.38]
	at org.apache.coyote.AbstractProtocol$ConnectionHandler.process(AbstractProtocol.java:868) [tomcat-embed-core-9.0.38.jar:9.0.38]
	at org.apache.tomcat.util.net.NioEndpoint$SocketProcessor.doRun(NioEndpoint.java:1590) [tomcat-embed-core-9.0.38.jar:9.0.38]
	at org.apache.tomcat.util.net.SocketProcessorBase.run(SocketProcessorBase.java:49) [tomcat-embed-core-9.0.38.jar:9.0.38]
	at java.util.concurrent.ThreadPoolExecutor.runWorker(ThreadPoolExecutor.java:1149) [?:1.8.0_261]
	at java.util.concurrent.ThreadPoolExecutor$Worker.run(ThreadPoolExecutor.java:624) [?:1.8.0_261]
	at org.apache.tomcat.util.threads.TaskThread$WrappingRunnable.run(TaskThread.java:61) [tomcat-embed-core-9.0.38.jar:9.0.38]
	at java.lang.Thread.run(Thread.java:748) [?:1.8.0_261]
2021-01-17 22:22:03,378 INFO o.h.v.i.u.Version [background-preinit] HV000001: Hibernate Validator 6.1.5.Final
2021-01-17 22:22:03,632 INFO o.s.b.StartupInfoLogger [main] Starting StudentApplication on Sulabhs-MacBook-Air.local with PID 1889 (/Users/sulabhtiwari/Coding/practice/target/classes started by sulabhtiwari in /Users/sulabhtiwari/Coding/practice)
2021-01-17 22:22:03,638 DEBUG o.s.b.StartupInfoLogger [main] Running with Spring Boot v2.3.4.RELEASE, Spring v5.2.9.RELEASE
2021-01-17 22:22:03,640 INFO o.s.b.SpringApplication [main] No active profile set, falling back to default profiles: default
2021-01-17 22:22:05,455 INFO o.s.d.r.c.RepositoryConfigurationDelegate [main] Bootstrapping Spring Data JPA repositories in DEFERRED mode.
2021-01-17 22:22:05,590 INFO o.s.d.r.c.RepositoryConfigurationDelegate [main] Finished Spring Data repository scanning in 119ms. Found 1 JPA repository interfaces.
2021-01-17 22:22:07,165 INFO o.s.b.w.e.t.TomcatWebServer [main] Tomcat initialized with port(s): 8080 (http)
2021-01-17 22:22:07,192 INFO o.a.j.l.DirectJDKLog [main] Initializing ProtocolHandler ["http-nio-8080"]
2021-01-17 22:22:07,193 INFO o.a.j.l.DirectJDKLog [main] Starting service [Tomcat]
2021-01-17 22:22:07,193 INFO o.a.j.l.DirectJDKLog [main] Starting Servlet engine: [Apache Tomcat/9.0.38]
2021-01-17 22:22:07,373 INFO o.a.j.l.DirectJDKLog [main] Initializing Spring embedded WebApplicationContext
2021-01-17 22:22:07,373 INFO o.s.b.w.s.c.ServletWebServerApplicationContext [main] Root WebApplicationContext: initialization completed in 3638 ms
2021-01-17 22:22:07,721 INFO o.s.s.c.ExecutorConfigurationSupport [main] Initializing ExecutorService 'applicationTaskExecutor'
2021-01-17 22:22:07,835 INFO o.h.j.i.u.LogHelper [task-1] HHH000204: Processing PersistenceUnitInfo [name: default]
2021-01-17 22:22:08,028 INFO o.h.Version [task-1] HHH000412: Hibernate ORM core version 5.4.21.Final
2021-01-17 22:22:08,165 WARN o.s.b.a.o.j.JpaBaseConfiguration$JpaWebConfiguration [main] spring.jpa.open-in-view is enabled by default. Therefore, database queries may be performed during view rendering. Explicitly configure spring.jpa.open-in-view to disable this warning
2021-01-17 22:22:08,461 INFO o.h.a.c.r.j.JavaReflectionManager [task-1] HCANN000001: Hibernate Commons Annotations {5.1.0.Final}
2021-01-17 22:22:08,687 INFO c.z.h.HikariDataSource [task-1] HikariPool-1 - Starting...
2021-01-17 22:22:08,987 INFO c.z.h.HikariDataSource [task-1] HikariPool-1 - Start completed.
2021-01-17 22:22:09,143 INFO o.h.d.Dialect [task-1] HHH000400: Using dialect: org.hibernate.dialect.PostgreSQL10Dialect
2021-01-17 22:22:09,763 INFO o.s.s.w.DefaultSecurityFilterChain [main] Creating filter chain: any request, [org.springframework.security.web.context.request.async.WebAsyncManagerIntegrationFilter@7d8f2eec, org.springframework.security.web.context.SecurityContextPersistenceFilter@1d2046bb, org.springframework.security.web.header.HeaderWriterFilter@136fece2, org.springframework.security.web.authentication.logout.LogoutFilter@77cd235b, org.springframework.security.web.authentication.www.BasicAuthenticationFilter@4e7eba9f, org.springframework.security.web.savedrequest.RequestCacheAwareFilter@3b33fff9, org.springframework.security.web.servletapi.SecurityContextHolderAwareRequestFilter@3c71cf3e, org.springframework.security.web.authentication.AnonymousAuthenticationFilter@e886caf, org.springframework.security.web.session.SessionManagementFilter@7bce9ce4, org.springframework.security.web.access.ExceptionTranslationFilter@59f7c106, org.springframework.security.web.access.intercept.FilterSecurityInterceptor@3a4f8e8a]
2021-01-17 22:22:09,857 INFO s.d.s.w.PropertySourcedRequestMappingHandlerMapping [main] Mapped URL path [/v2/api-docs] onto method [springfox.documentation.swagger2.web.Swagger2Controller#getDocumentation(String, HttpServletRequest)]
2021-01-17 22:22:10,660 WARN o.s.b.a.b.JpaBatchConfigurer [main] JPA does not support custom isolation levels, so locks may not be taken when launching Jobs
2021-01-17 22:22:10,678 INFO o.s.b.c.r.s.JobRepositoryFactoryBean [main] No database type set, using meta data indicating: POSTGRES
2021-01-17 22:22:10,750 INFO o.s.b.c.l.s.SimpleJobLauncher [main] No TaskExecutor has been set, defaulting to synchronous executor.
2021-01-17 22:22:10,954 INFO o.a.j.l.DirectJDKLog [main] Starting ProtocolHandler ["http-nio-8080"]
2021-01-17 22:22:11,161 INFO o.s.b.w.e.t.TomcatWebServer [main] Tomcat started on port(s): 8080 (http) with context path ''
2021-01-17 22:22:11,163 INFO s.d.s.w.p.DocumentationPluginsBootstrapper [main] Context refreshed
2021-01-17 22:22:11,305 INFO s.d.s.w.p.DocumentationPluginsBootstrapper [main] Found 1 custom documentation plugin(s)
2021-01-17 22:22:11,379 INFO s.d.s.w.s.ApiListingReferenceScanner [main] Scanning for api listing references
2021-01-17 22:22:11,567 INFO o.h.e.t.j.p.i.JtaPlatformInitiator [task-1] HHH000490: Using JtaPlatform implementation: [org.hibernate.engine.transaction.jta.platform.internal.NoJtaPlatform]
2021-01-17 22:22:11,593 INFO o.s.o.j.AbstractEntityManagerFactoryBean [task-1] Initialized JPA EntityManagerFactory for persistence unit 'default'
2021-01-17 22:22:11,775 INFO o.s.d.r.c.DeferredRepositoryInitializationListener [main] Triggering deferred initialization of Spring Data repositories…
2021-01-17 22:22:12,014 INFO o.a.j.l.DirectJDKLog [http-nio-8080-exec-1] Initializing Spring DispatcherServlet 'dispatcherServlet'
2021-01-17 22:22:12,015 INFO o.s.w.s.FrameworkServlet [http-nio-8080-exec-1] Initializing Servlet 'dispatcherServlet'
2021-01-17 22:22:12,028 INFO o.s.w.s.FrameworkServlet [http-nio-8080-exec-1] Completed initialization in 12 ms
2021-01-17 22:22:12,580 INFO o.s.d.r.c.DeferredRepositoryInitializationListener [main] Spring Data repositories initialized!
2021-01-17 22:22:12,595 INFO o.s.b.StartupInfoLogger [main] Started StudentApplication in 9.801 seconds (JVM running for 12.332)
2021-01-17 22:25:37,116 INFO o.h.v.i.u.Version [background-preinit] HV000001: Hibernate Validator 6.1.5.Final
2021-01-17 22:25:37,376 INFO o.s.b.StartupInfoLogger [main] Starting StudentApplication on Sulabhs-MacBook-Air.local with PID 1950 (/Users/sulabhtiwari/Coding/practice/target/classes started by sulabhtiwari in /Users/sulabhtiwari/Coding/practice)
2021-01-17 22:25:37,383 DEBUG o.s.b.StartupInfoLogger [main] Running with Spring Boot v2.3.4.RELEASE, Spring v5.2.9.RELEASE
2021-01-17 22:25:37,386 INFO o.s.b.SpringApplication [main] No active profile set, falling back to default profiles: default
2021-01-17 22:25:39,355 INFO o.s.d.r.c.RepositoryConfigurationDelegate [main] Bootstrapping Spring Data JPA repositories in DEFERRED mode.
2021-01-17 22:25:39,541 INFO o.s.d.r.c.RepositoryConfigurationDelegate [main] Finished Spring Data repository scanning in 169ms. Found 1 JPA repository interfaces.
2021-01-17 22:25:40,999 INFO o.s.b.w.e.t.TomcatWebServer [main] Tomcat initialized with port(s): 8080 (http)
2021-01-17 22:25:41,025 INFO o.a.j.l.DirectJDKLog [main] Initializing ProtocolHandler ["http-nio-8080"]
2021-01-17 22:25:41,026 INFO o.a.j.l.DirectJDKLog [main] Starting service [Tomcat]
2021-01-17 22:25:41,027 INFO o.a.j.l.DirectJDKLog [main] Starting Servlet engine: [Apache Tomcat/9.0.38]
2021-01-17 22:25:41,231 INFO o.a.j.l.DirectJDKLog [main] Initializing Spring embedded WebApplicationContext
2021-01-17 22:25:41,233 INFO o.s.b.w.s.c.ServletWebServerApplicationContext [main] Root WebApplicationContext: initialization completed in 3704 ms
2021-01-17 22:25:41,584 INFO o.s.s.c.ExecutorConfigurationSupport [main] Initializing ExecutorService 'applicationTaskExecutor'
2021-01-17 22:25:41,669 INFO o.h.j.i.u.LogHelper [task-1] HHH000204: Processing PersistenceUnitInfo [name: default]
2021-01-17 22:25:42,029 INFO o.h.Version [task-1] HHH000412: Hibernate ORM core version 5.4.21.Final
2021-01-17 22:25:42,168 WARN o.s.b.a.o.j.JpaBaseConfiguration$JpaWebConfiguration [main] spring.jpa.open-in-view is enabled by default. Therefore, database queries may be performed during view rendering. Explicitly configure spring.jpa.open-in-view to disable this warning
2021-01-17 22:25:42,448 INFO o.h.a.c.r.j.JavaReflectionManager [task-1] HCANN000001: Hibernate Commons Annotations {5.1.0.Final}
2021-01-17 22:25:42,722 INFO c.z.h.HikariDataSource [task-1] HikariPool-1 - Starting...
2021-01-17 22:25:43,095 INFO c.z.h.HikariDataSource [task-1] HikariPool-1 - Start completed.
2021-01-17 22:25:43,229 INFO o.h.d.Dialect [task-1] HHH000400: Using dialect: org.hibernate.dialect.PostgreSQL10Dialect
2021-01-17 22:25:43,825 INFO o.s.s.w.DefaultSecurityFilterChain [main] Creating filter chain: any request, [org.springframework.security.web.context.request.async.WebAsyncManagerIntegrationFilter@38929da, org.springframework.security.web.context.SecurityContextPersistenceFilter@5b7ee56c, org.springframework.security.web.header.HeaderWriterFilter@72a3462f, org.springframework.security.web.authentication.logout.LogoutFilter@100eeedc, org.springframework.security.web.authentication.www.BasicAuthenticationFilter@517a46f3, org.springframework.security.web.savedrequest.RequestCacheAwareFilter@3de8f85c, org.springframework.security.web.servletapi.SecurityContextHolderAwareRequestFilter@f48a080, org.springframework.security.web.authentication.AnonymousAuthenticationFilter@69d667a5, org.springframework.security.web.session.SessionManagementFilter@aa0dbca, org.springframework.security.web.access.ExceptionTranslationFilter@485c84d7, org.springframework.security.web.access.intercept.FilterSecurityInterceptor@2d47b06]
2021-01-17 22:25:43,954 INFO s.d.s.w.PropertySourcedRequestMappingHandlerMapping [main] Mapped URL path [/v2/api-docs] onto method [springfox.documentation.swagger2.web.Swagger2Controller#getDocumentation(String, HttpServletRequest)]
2021-01-17 22:25:44,851 WARN o.s.b.a.b.JpaBatchConfigurer [main] JPA does not support custom isolation levels, so locks may not be taken when launching Jobs
2021-01-17 22:25:44,880 INFO o.s.b.c.r.s.JobRepositoryFactoryBean [main] No database type set, using meta data indicating: POSTGRES
2021-01-17 22:25:44,949 INFO o.s.b.c.l.s.SimpleJobLauncher [main] No TaskExecutor has been set, defaulting to synchronous executor.
2021-01-17 22:25:45,123 INFO o.a.j.l.DirectJDKLog [main] Starting ProtocolHandler ["http-nio-8080"]
2021-01-17 22:25:45,361 INFO o.s.b.w.e.t.TomcatWebServer [main] Tomcat started on port(s): 8080 (http) with context path ''
2021-01-17 22:25:45,363 INFO s.d.s.w.p.DocumentationPluginsBootstrapper [main] Context refreshed
2021-01-17 22:25:45,489 INFO s.d.s.w.p.DocumentationPluginsBootstrapper [main] Found 1 custom documentation plugin(s)
2021-01-17 22:25:45,566 INFO s.d.s.w.s.ApiListingReferenceScanner [main] Scanning for api listing references
2021-01-17 22:25:45,762 INFO o.h.e.t.j.p.i.JtaPlatformInitiator [task-1] HHH000490: Using JtaPlatform implementation: [org.hibernate.engine.transaction.jta.platform.internal.NoJtaPlatform]
2021-01-17 22:25:45,817 INFO o.s.o.j.AbstractEntityManagerFactoryBean [task-1] Initialized JPA EntityManagerFactory for persistence unit 'default'
2021-01-17 22:25:45,989 INFO o.s.d.r.c.DeferredRepositoryInitializationListener [main] Triggering deferred initialization of Spring Data repositories…
2021-01-17 22:25:46,732 INFO o.s.d.r.c.DeferredRepositoryInitializationListener [main] Spring Data repositories initialized!
2021-01-17 22:25:46,744 INFO o.s.b.StartupInfoLogger [main] Started StudentApplication in 10.076 seconds (JVM running for 12.147)
2021-01-17 22:26:04,487 INFO o.a.j.l.DirectJDKLog [http-nio-8080-exec-1] Initializing Spring DispatcherServlet 'dispatcherServlet'
2021-01-17 22:26:04,488 INFO o.s.w.s.FrameworkServlet [http-nio-8080-exec-1] Initializing Servlet 'dispatcherServlet'
2021-01-17 22:26:04,503 INFO o.s.w.s.FrameworkServlet [http-nio-8080-exec-1] Completed initialization in 15 ms
2021-01-17 22:26:05,225 ERROR c.p.s.i.StudentDetailsServiceImpl [http-nio-8080-exec-1] No Active Student present with ID null.
2021-01-17 22:26:39,277 INFO o.h.v.i.u.Version [background-preinit] HV000001: Hibernate Validator 6.1.5.Final
2021-01-17 22:26:39,516 INFO o.s.b.StartupInfoLogger [main] Starting StudentApplication on Sulabhs-MacBook-Air.local with PID 1977 (/Users/sulabhtiwari/Coding/practice/target/classes started by sulabhtiwari in /Users/sulabhtiwari/Coding/practice)
2021-01-17 22:26:39,523 DEBUG o.s.b.StartupInfoLogger [main] Running with Spring Boot v2.3.4.RELEASE, Spring v5.2.9.RELEASE
2021-01-17 22:26:39,525 INFO o.s.b.SpringApplication [main] No active profile set, falling back to default profiles: default
2021-01-17 22:26:41,998 INFO o.s.d.r.c.RepositoryConfigurationDelegate [main] Bootstrapping Spring Data JPA repositories in DEFERRED mode.
2021-01-17 22:26:42,170 INFO o.s.d.r.c.RepositoryConfigurationDelegate [main] Finished Spring Data repository scanning in 152ms. Found 1 JPA repository interfaces.
2021-01-17 22:26:43,636 INFO o.s.b.w.e.t.TomcatWebServer [main] Tomcat initialized with port(s): 8080 (http)
2021-01-17 22:26:43,668 INFO o.a.j.l.DirectJDKLog [main] Initializing ProtocolHandler ["http-nio-8080"]
2021-01-17 22:26:43,669 INFO o.a.j.l.DirectJDKLog [main] Starting service [Tomcat]
2021-01-17 22:26:43,669 INFO o.a.j.l.DirectJDKLog [main] Starting Servlet engine: [Apache Tomcat/9.0.38]
2021-01-17 22:26:44,065 INFO o.a.j.l.DirectJDKLog [main] Initializing Spring embedded WebApplicationContext
2021-01-17 22:26:44,066 INFO o.s.b.w.s.c.ServletWebServerApplicationContext [main] Root WebApplicationContext: initialization completed in 4450 ms
2021-01-17 22:26:44,652 INFO o.s.s.c.ExecutorConfigurationSupport [main] Initializing ExecutorService 'applicationTaskExecutor'
2021-01-17 22:26:44,776 INFO o.h.j.i.u.LogHelper [task-1] HHH000204: Processing PersistenceUnitInfo [name: default]
2021-01-17 22:26:45,018 INFO o.h.Version [task-1] HHH000412: Hibernate ORM core version 5.4.21.Final
2021-01-17 22:26:45,238 WARN o.s.b.a.o.j.JpaBaseConfiguration$JpaWebConfiguration [main] spring.jpa.open-in-view is enabled by default. Therefore, database queries may be performed during view rendering. Explicitly configure spring.jpa.open-in-view to disable this warning
2021-01-17 22:26:45,546 INFO o.h.a.c.r.j.JavaReflectionManager [task-1] HCANN000001: Hibernate Commons Annotations {5.1.0.Final}
2021-01-17 22:26:45,902 INFO c.z.h.HikariDataSource [task-1] HikariPool-1 - Starting...
2021-01-17 22:26:46,235 INFO c.z.h.HikariDataSource [task-1] HikariPool-1 - Start completed.
2021-01-17 22:26:46,336 INFO o.h.d.Dialect [task-1] HHH000400: Using dialect: org.hibernate.dialect.PostgreSQL10Dialect
2021-01-17 22:26:47,388 INFO o.s.s.w.DefaultSecurityFilterChain [main] Creating filter chain: any request, [org.springframework.security.web.context.request.async.WebAsyncManagerIntegrationFilter@1f60824e, org.springframework.security.web.context.SecurityContextPersistenceFilter@3c71cf3e, org.springframework.security.web.header.HeaderWriterFilter@5dd747c1, org.springframework.security.web.authentication.logout.LogoutFilter@25d0b918, org.springframework.security.web.authentication.www.BasicAuthenticationFilter@93ce24d, org.springframework.security.web.savedrequest.RequestCacheAwareFilter@5af38a4a, org.springframework.security.web.servletapi.SecurityContextHolderAwareRequestFilter@563263a, org.springframework.security.web.authentication.AnonymousAuthenticationFilter@1218e12, org.springframework.security.web.session.SessionManagementFilter@7769d9b6, org.springframework.security.web.access.ExceptionTranslationFilter@5b3755f4, org.springframework.security.web.access.intercept.FilterSecurityInterceptor@c754401]
2021-01-17 22:26:47,566 INFO s.d.s.w.PropertySourcedRequestMappingHandlerMapping [main] Mapped URL path [/v2/api-docs] onto method [springfox.documentation.swagger2.web.Swagger2Controller#getDocumentation(String, HttpServletRequest)]
2021-01-17 22:26:48,922 WARN o.s.b.a.b.JpaBatchConfigurer [main] JPA does not support custom isolation levels, so locks may not be taken when launching Jobs
2021-01-17 22:26:48,952 INFO o.s.b.c.r.s.JobRepositoryFactoryBean [main] No database type set, using meta data indicating: POSTGRES
2021-01-17 22:26:49,023 INFO o.s.b.c.l.s.SimpleJobLauncher [main] No TaskExecutor has been set, defaulting to synchronous executor.
2021-01-17 22:26:49,210 INFO o.a.j.l.DirectJDKLog [main] Starting ProtocolHandler ["http-nio-8080"]
2021-01-17 22:26:49,390 INFO o.s.b.w.e.t.TomcatWebServer [main] Tomcat started on port(s): 8080 (http) with context path ''
2021-01-17 22:26:49,392 INFO s.d.s.w.p.DocumentationPluginsBootstrapper [main] Context refreshed
2021-01-17 22:26:49,458 INFO s.d.s.w.p.DocumentationPluginsBootstrapper [main] Found 1 custom documentation plugin(s)
2021-01-17 22:26:49,561 INFO s.d.s.w.s.ApiListingReferenceScanner [main] Scanning for api listing references
2021-01-17 22:26:50,022 INFO o.h.e.t.j.p.i.JtaPlatformInitiator [task-1] HHH000490: Using JtaPlatform implementation: [org.hibernate.engine.transaction.jta.platform.internal.NoJtaPlatform]
2021-01-17 22:26:50,057 INFO o.s.o.j.AbstractEntityManagerFactoryBean [task-1] Initialized JPA EntityManagerFactory for persistence unit 'default'
2021-01-17 22:26:50,249 INFO o.s.d.r.c.DeferredRepositoryInitializationListener [main] Triggering deferred initialization of Spring Data repositories…
2021-01-17 22:26:51,233 INFO o.s.d.r.c.DeferredRepositoryInitializationListener [main] Spring Data repositories initialized!
2021-01-17 22:26:51,246 INFO o.s.b.StartupInfoLogger [main] Started StudentApplication in 12.418 seconds (JVM running for 14.275)
2021-01-17 22:27:31,319 INFO o.a.j.l.DirectJDKLog [http-nio-8080-exec-1] Initializing Spring DispatcherServlet 'dispatcherServlet'
2021-01-17 22:27:31,321 INFO o.s.w.s.FrameworkServlet [http-nio-8080-exec-1] Initializing Servlet 'dispatcherServlet'
2021-01-17 22:27:31,344 INFO o.s.w.s.FrameworkServlet [http-nio-8080-exec-1] Completed initialization in 22 ms
2021-01-17 22:27:47,789 ERROR c.p.s.i.StudentDetailsServiceImpl [http-nio-8080-exec-2] Student with with mobile number 7898809887 or email asdsad@fewf.com already exists.
2021-01-17 22:28:03,276 ERROR c.p.s.i.StudentDetailsServiceImpl [http-nio-8080-exec-3] Student with with mobile number 7898809887 or email asdsad@fewf.com already exists.
